<?xml version="1.0" encoding="UTF-8"?>
<!-- Generated by org.testng.reporters.JUnitXMLReporter -->
<testsuite ignored="0" hostname="LAPTOP-KR1CIUNE" failures="0" tests="3" name="Default test" time="0.043" errors="0" timestamp="2021-03-23T10:12:09 IST">
  <testcase classname="Test.Day3" name="loginAPICarloan" time="0.01"/>
  <testcase classname="Test.Day3" name="mobileLoginCarloan" time="0.001"/>
  <testcase classname="Test.Day3" name="webLoginCarloan" time="0.001"/>
</testsuite> <!-- Default test -->
