<?xml version="1.0" encoding="UTF-8"?>
<!-- Generated by org.testng.reporters.JUnitXMLReporter -->
<testsuite ignored="5" hostname="LAPTOP-KR1CIUNE" failures="0" tests="4" name="Regression" time="0.058" errors="0" timestamp="2021-03-23T11:22:52 IST">
  <testcase classname="Test.Day1" name="firstTest" time="0.007"/>
  <testcase classname="Test.Day2" name="ploan" time="0.001"/>
  <testcase classname="Test.Day4" name="loginAPIHomeloan" time="0.001"/>
  <testcase classname="Test.Day4" name="mobileLoginHomeloan" time="0.001"/>
  <testcase classname="Test.Day3" name="loginAPICarloan" time="0.0">
    <ignored/>
  </testcase> <!-- loginAPICarloan -->
  <testcase classname="Test.Day3" name="webLoginCarloan" time="0.0">
    <ignored/>
  </testcase> <!-- webLoginCarloan -->
  <testcase classname="Test.Day1" name="secondTest" time="0.0">
    <ignored/>
  </testcase> <!-- secondTest -->
  <testcase classname="Test.Day4" name="webLoginHomeloan" time="0.0">
    <ignored/>
  </testcase> <!-- webLoginHomeloan -->
  <testcase classname="Test.Day3" name="mobileLoginCarloan" time="0.0">
    <ignored/>
  </testcase> <!-- mobileLoginCarloan -->
</testsuite> <!-- Regression -->
