<?xml version="1.0" encoding="UTF-8"?>
<!-- Generated by org.testng.reporters.JUnitXMLReporter -->
<testsuite ignored="0" hostname="LAPTOP-KR1CIUNE" failures="0" tests="9" name="Test" time="0.067" errors="0" timestamp="2021-03-23T10:15:06 IST">
  <testcase classname="Test.Day2" name="ploan" time="0.009"/>
  <testcase classname="Test.Day1" name="firstTest" time="0.002"/>
  <testcase classname="Test.Day1" name="secondTest" time="0.002"/>
  <testcase classname="Test.Day3" name="loginAPICarloan" time="0.002"/>
  <testcase classname="Test.Day3" name="mobileLoginCarloan" time="0.001"/>
  <testcase classname="Test.Day3" name="webLoginCarloan" time="0.001"/>
  <testcase classname="Test.Day4" name="loginAPIHomeloan" time="0.001"/>
  <testcase classname="Test.Day4" name="mobileLoginHomeloan" time="0.001"/>
  <testcase classname="Test.Day4" name="webLoginHomeloan" time="0.001"/>
</testsuite> <!-- Test -->
